<?xml version="1.0" encoding="UTF-8"?>
<testng-results skipped="0" failed="0" ignored="0" total="2" passed="2">
  <reporter-output>
  </reporter-output>
  <suite name="Default suite" duration-ms="73922" started-at="2020-12-30T12:35:02 IST" finished-at="2020-12-30T12:36:16 IST">
    <groups>
    </groups>
    <test name="Default test" duration-ms="73922" started-at="2020-12-30T12:35:02 IST" finished-at="2020-12-30T12:36:16 IST">
      <class name="testCase.PectoFiSec">
        <test-method status="PASS" signature="DogBedBrand()[pri:1, instance:testCase.PectoFiSec@46238e3f]" name="DogBedBrand" duration-ms="45554" started-at="2020-12-30T12:35:02 IST" finished-at="2020-12-30T12:35:48 IST">
          <reporter-output>
          </reporter-output>
        </test-method> <!-- DogBedBrand -->
        <test-method status="PASS" signature="DogDryFood()[pri:2, instance:testCase.PectoFiSec@46238e3f]" name="DogDryFood" duration-ms="27592" started-at="2020-12-30T12:35:48 IST" finished-at="2020-12-30T12:36:15 IST">
          <reporter-output>
          </reporter-output>
        </test-method> <!-- DogDryFood -->
        <test-method status="PASS" signature="endReport()[pri:0, instance:testCase.PectoFiSec@46238e3f]" name="endReport" is-config="true" duration-ms="701" started-at="2020-12-30T12:36:15 IST" finished-at="2020-12-30T12:36:16 IST">
          <reporter-output>
          </reporter-output>
        </test-method> <!-- endReport -->
        <test-method status="PASS" signature="closeApplication()[pri:0, instance:testCase.PectoFiSec@46238e3f]" name="closeApplication" is-config="true" duration-ms="1049" started-at="2020-12-30T12:36:16 IST" finished-at="2020-12-30T12:36:17 IST">
          <reporter-output>
          </reporter-output>
        </test-method> <!-- closeApplication -->
      </class> <!-- testCase.PectoFiSec -->
    </test> <!-- Default test -->
  </suite> <!-- Default suite -->
</testng-results>
